<?xml version="1.0" encoding="UTF-8"?>
<!-- Generated by org.testng.reporters.JUnitReportReporter -->
<testsuite hostname="DESKTOP-EL49FTG" failures="0" tests="1" name="testcases.TC3test" time="0.003" errors="0" timestamp="2023-01-05T10:58:02 IST" skipped="0">
  <testcase classname="testcases.TC3test" name="m3" time="0.003"/>
  <system-out>
    <![CDATA[TC3 running]]>
  </system-out>
</testsuite> <!-- testcases.TC3test -->
