<?xml version="1.0" encoding="UTF-8"?>
<!-- Generated by org.testng.reporters.JUnitReportReporter -->
<testsuite hostname="DESKTOP-EL49FTG" failures="0" tests="1" name="testcases.TC2test" time="0.072" errors="0" timestamp="2023-01-05T10:58:02 IST" skipped="0">
  <testcase classname="testcases.TC2test" name="m2" time="0.072"/>
  <system-out>
    <![CDATA[TC2  running]]>
  </system-out>
</testsuite> <!-- testcases.TC2test -->
